4b805d52-6737-4be8-8433-d724e21a9117 200 ::1 GET /call-logs 66.188 [Sat, 16 Oct 2021 08:06:03 GMT] - [Mozilla/5.0 (Windows NT 10.0; Win64; x64) AppleWebKit/537.36 (KHTML, like Gecko) Chrome/94.0.4606.81 Safari/537.36]
27f0383e-9dba-41b5-9152-b31d515a0226 200 ::ffff:127.0.0.1 GET /imei-check 29.043 [Sat, 16 Oct 2021 08:06:07 GMT] - [Mozilla/5.0 (Windows NT 10.0; Win64; x64) AppleWebKit/537.36 (KHTML, like Gecko) Chrome/94.0.4606.81 Safari/537.36]
7cd3cd74-cd3c-4d34-b0cf-967443c44472 200 ::1 GET /imei-check 50.996 [Sat, 16 Oct 2021 08:39:50 GMT] - [Mozilla/5.0 (Windows NT 10.0; Win64; x64) AppleWebKit/537.36 (KHTML, like Gecko) Chrome/94.0.4606.81 Safari/537.36]
47e64207-2081-490f-abb1-7aa69a190efd 404 ::1 GET /oldCall-logs 33.958 [Sat, 16 Oct 2021 08:39:54 GMT] - [Mozilla/5.0 (Windows NT 10.0; Win64; x64) AppleWebKit/537.36 (KHTML, like Gecko) Chrome/94.0.4606.81 Safari/537.36]
a22be9bb-3cb9-4b91-872e-8644ffcf845f 200 ::1 GET /OldImei-check 56.354 [Sat, 16 Oct 2021 08:40:05 GMT] - [Mozilla/5.0 (Windows NT 10.0; Win64; x64) AppleWebKit/537.36 (KHTML, like Gecko) Chrome/94.0.4606.81 Safari/537.36]
bf9a0ad9-fe7f-4898-bf31-863aafbcf381 200 ::1 GET /call-logs 48.418 [Sat, 16 Oct 2021 08:40:25 GMT] - [Mozilla/5.0 (Windows NT 10.0; Win64; x64) AppleWebKit/537.36 (KHTML, like Gecko) Chrome/94.0.4606.81 Safari/537.36]
313f049e-891d-43ed-8ebb-f65beb8b0be6 404 ::1 GET /oldCall-logs 19.559 [Sat, 16 Oct 2021 08:40:28 GMT] - [Mozilla/5.0 (Windows NT 10.0; Win64; x64) AppleWebKit/537.36 (KHTML, like Gecko) Chrome/94.0.4606.81 Safari/537.36]
a6d19fd5-9cc2-4acb-811e-d4341d409ecd 404 ::1 GET /oldCall-logs 18.018 [Sat, 16 Oct 2021 08:44:53 GMT] - [Mozilla/5.0 (Windows NT 10.0; Win64; x64) AppleWebKit/537.36 (KHTML, like Gecko) Chrome/94.0.4606.81 Safari/537.36]
bc5962ab-36dc-4b4b-9c7f-c8a78068d09a 500 ::1 GET /oldCall-logs 30.230 [Sat, 16 Oct 2021 08:45:36 GMT] - [Mozilla/5.0 (Windows NT 10.0; Win64; x64) AppleWebKit/537.36 (KHTML, like Gecko) Chrome/94.0.4606.81 Safari/537.36]
d08eea46-7352-4194-a876-da0ee9d29c2d 304 ::1 GET /call-logs 64.439 [Sat, 16 Oct 2021 08:46:28 GMT] - [Mozilla/5.0 (Windows NT 10.0; Win64; x64) AppleWebKit/537.36 (KHTML, like Gecko) Chrome/94.0.4606.81 Safari/537.36]
01297f72-8ded-4d4a-b790-7f5ae586e7ec 304 ::1 GET /call-logs 38.529 [Sat, 16 Oct 2021 08:46:29 GMT] - [Mozilla/5.0 (Windows NT 10.0; Win64; x64) AppleWebKit/537.36 (KHTML, like Gecko) Chrome/94.0.4606.81 Safari/537.36]
2d6cd5da-72df-480a-84ee-0bd56ff86cee 304 ::1 GET /OldImei-check 32.717 [Sat, 16 Oct 2021 08:46:34 GMT] - [Mozilla/5.0 (Windows NT 10.0; Win64; x64) AppleWebKit/537.36 (KHTML, like Gecko) Chrome/94.0.4606.81 Safari/537.36]
0504cf34-e3bd-4c61-bbf6-99a77496caad 500 ::1 GET /oldCall-logs 24.611 [Sat, 16 Oct 2021 08:46:39 GMT] - [Mozilla/5.0 (Windows NT 10.0; Win64; x64) AppleWebKit/537.36 (KHTML, like Gecko) Chrome/94.0.4606.81 Safari/537.36]
73faa459-77e4-417d-a481-28d6123711d9 200 ::1 GET /oldCall-logs 94.128 [Sat, 16 Oct 2021 08:50:25 GMT] - [Mozilla/5.0 (Windows NT 10.0; Win64; x64) AppleWebKit/537.36 (KHTML, like Gecko) Chrome/94.0.4606.81 Safari/537.36]
bb4b5639-db3c-45aa-8ff9-dab1248d7f55 200 ::1 GET /oldCall-logs 58.346 [Tue, 19 Oct 2021 10:16:51 GMT] - [Mozilla/5.0 (Windows NT 10.0; Win64; x64) AppleWebKit/537.36 (KHTML, like Gecko) Chrome/94.0.4606.81 Safari/537.36]
d351bda9-f697-4c9c-b5be-3542cb860fec 200 ::1 POST /call-logs 612.675 [Tue, 19 Oct 2021 10:17:42 GMT] - [Mozilla/5.0 (Windows NT 10.0; Win64; x64) AppleWebKit/537.36 (KHTML, like Gecko) Chrome/94.0.4606.81 Safari/537.36]
0947694c-fcc2-46b2-9f0c-eadf17fdf44a 404 ::1 GET /js/bootstrap.bundle.min.js.map 6.193 [Tue, 19 Oct 2021 10:18:31 GMT] - [Mozilla/5.0 (Windows NT 10.0; Win64; x64) AppleWebKit/537.36 (KHTML, like Gecko) Chrome/94.0.4606.81 Safari/537.36]
8e47cdc2-5813-4e8e-a221-93822e13e479 304 ::1 GET /oldCall-logs 10.722 [Tue, 19 Oct 2021 10:18:45 GMT] - [Mozilla/5.0 (Windows NT 10.0; Win64; x64) AppleWebKit/537.36 (KHTML, like Gecko) Chrome/94.0.4606.81 Safari/537.36]
a9f85e86-e03f-4afb-97cd-336217b14bc7 200 ::1 POST /call-logs 67.355 [Tue, 19 Oct 2021 10:18:57 GMT] - [Mozilla/5.0 (Windows NT 10.0; Win64; x64) AppleWebKit/537.36 (KHTML, like Gecko) Chrome/94.0.4606.81 Safari/537.36]
5e1fe9c5-352b-44e5-9684-94b01533525e 304 ::1 GET /oldCall-logs 11.833 [Tue, 19 Oct 2021 10:19:05 GMT] - [Mozilla/5.0 (Windows NT 10.0; Win64; x64) AppleWebKit/537.36 (KHTML, like Gecko) Chrome/94.0.4606.81 Safari/537.36]
af868fc8-aa88-4b2a-a535-a7183464163c 304 ::1 GET /oldCall-logs 28.729 [Tue, 19 Oct 2021 10:20:10 GMT] - [Mozilla/5.0 (Windows NT 10.0; Win64; x64) AppleWebKit/537.36 (KHTML, like Gecko) Chrome/94.0.4606.81 Safari/537.36]
80dd0da4-864b-404e-81fc-73007cccd3d9 200 ::1 POST /call-logs 261.658 [Tue, 19 Oct 2021 10:20:23 GMT] - [Mozilla/5.0 (Windows NT 10.0; Win64; x64) AppleWebKit/537.36 (KHTML, like Gecko) Chrome/94.0.4606.81 Safari/537.36]
d9f62b9e-3ffd-4dcf-b0e0-68bae461b2c0 304 ::1 GET /oldCall-logs 23.139 [Tue, 19 Oct 2021 10:21:49 GMT] - [Mozilla/5.0 (Windows NT 10.0; Win64; x64) AppleWebKit/537.36 (KHTML, like Gecko) Chrome/94.0.4606.81 Safari/537.36]
fc5e9705-0679-47b5-89cd-c772713c3bd3 200 ::1 POST /call-logs 362.328 [Tue, 19 Oct 2021 10:22:05 GMT] - [Mozilla/5.0 (Windows NT 10.0; Win64; x64) AppleWebKit/537.36 (KHTML, like Gecko) Chrome/94.0.4606.81 Safari/537.36]
a859de48-8018-41f6-843e-2f0d1072b75c 200 ::1 GET /oldCall-logs 20.946 [Tue, 19 Oct 2021 10:24:49 GMT] - [Mozilla/5.0 (Windows NT 10.0; Win64; x64) AppleWebKit/537.36 (KHTML, like Gecko) Chrome/94.0.4606.81 Safari/537.36]
f083183c-1bfb-4803-908f-ee9a3149ab0c 304 ::1 GET /oldCall-logs 14.864 [Tue, 19 Oct 2021 10:24:51 GMT] - [Mozilla/5.0 (Windows NT 10.0; Win64; x64) AppleWebKit/537.36 (KHTML, like Gecko) Chrome/94.0.4606.81 Safari/537.36]
7f49eab3-e249-4f9b-b662-d3dc68734323 - ::1 POST /oldCall-logs - [Tue, 19 Oct 2021 10:25:14 GMT] - [Mozilla/5.0 (Windows NT 10.0; Win64; x64) AppleWebKit/537.36 (KHTML, like Gecko) Chrome/94.0.4606.81 Safari/537.36]
0e9c2779-4f9d-4ce3-8955-81ac8cdc825a 304 ::1 GET /oldCall-logs 28.150 [Tue, 19 Oct 2021 10:29:46 GMT] - [Mozilla/5.0 (Windows NT 10.0; Win64; x64) AppleWebKit/537.36 (KHTML, like Gecko) Chrome/94.0.4606.81 Safari/537.36]
9a622a0a-a0e9-4e84-a6fb-e989b73197d1 500 ::1 POST /oldCall-logs 5181.362 [Tue, 19 Oct 2021 10:30:04 GMT] - [Mozilla/5.0 (Windows NT 10.0; Win64; x64) AppleWebKit/537.36 (KHTML, like Gecko) Chrome/94.0.4606.81 Safari/537.36]
4778a9b2-7ebb-4e97-8183-4b6f01285014 304 ::1 GET /oldCall-logs 24.507 [Tue, 19 Oct 2021 10:32:14 GMT] - [Mozilla/5.0 (Windows NT 10.0; Win64; x64) AppleWebKit/537.36 (KHTML, like Gecko) Chrome/94.0.4606.81 Safari/537.36]
5d9391fc-7efc-4baf-a915-caba1c59f3e2 500 ::1 POST /oldCall-logs 4723.806 [Tue, 19 Oct 2021 10:32:41 GMT] - [Mozilla/5.0 (Windows NT 10.0; Win64; x64) AppleWebKit/537.36 (KHTML, like Gecko) Chrome/94.0.4606.81 Safari/537.36]
e3e977d0-fc21-43ec-a167-e1d654e4cba7 304 ::1 GET /oldCall-logs 24.902 [Tue, 19 Oct 2021 10:34:15 GMT] - [Mozilla/5.0 (Windows NT 10.0; Win64; x64) AppleWebKit/537.36 (KHTML, like Gecko) Chrome/94.0.4606.81 Safari/537.36]
118b8542-47a3-4b5e-abc2-56e754e2c326 200 ::1 POST /oldCall-logs 4708.747 [Tue, 19 Oct 2021 10:34:57 GMT] - [Mozilla/5.0 (Windows NT 10.0; Win64; x64) AppleWebKit/537.36 (KHTML, like Gecko) Chrome/94.0.4606.81 Safari/537.36]
1c2d0ebe-d085-41c4-9b9f-3c7faf8446ac 200 ::1 GET /call-logs 21.306 [Tue, 19 Oct 2021 10:36:40 GMT] - [Mozilla/5.0 (Windows NT 10.0; Win64; x64) AppleWebKit/537.36 (KHTML, like Gecko) Chrome/94.0.4606.81 Safari/537.36]
dc91c6fb-bcd5-4cb2-9ce5-90715aee8ee7 200 ::1 GET /imei-check 12.605 [Tue, 19 Oct 2021 10:36:52 GMT] - [Mozilla/5.0 (Windows NT 10.0; Win64; x64) AppleWebKit/537.36 (KHTML, like Gecko) Chrome/94.0.4606.81 Safari/537.36]
98b0fd15-44e6-4fcb-ad6b-ad80c77408dc 304 ::1 GET /imei-check 18.056 [Tue, 19 Oct 2021 10:36:55 GMT] - [Mozilla/5.0 (Windows NT 10.0; Win64; x64) AppleWebKit/537.36 (KHTML, like Gecko) Chrome/94.0.4606.81 Safari/537.36]
7e2b4b2b-fd96-4cd4-a5a3-a465c28be0e2 304 ::1 GET /imei-check 10.093 [Tue, 19 Oct 2021 10:37:00 GMT] - [Mozilla/5.0 (Windows NT 10.0; Win64; x64) AppleWebKit/537.36 (KHTML, like Gecko) Chrome/94.0.4606.81 Safari/537.36]
7c832e0e-feac-486a-85c3-9197d25fa382 200 ::1 GET /OldImei-check 12.699 [Tue, 19 Oct 2021 10:37:22 GMT] - [Mozilla/5.0 (Windows NT 10.0; Win64; x64) AppleWebKit/537.36 (KHTML, like Gecko) Chrome/94.0.4606.81 Safari/537.36]
cde7c398-b188-48ad-b7b0-53d984692723 200 ::1 GET /OldImei-check 23.816 [Tue, 19 Oct 2021 10:45:25 GMT] - [Mozilla/5.0 (Windows NT 10.0; Win64; x64) AppleWebKit/537.36 (KHTML, like Gecko) Chrome/94.0.4606.81 Safari/537.36]
c0f989cd-51b7-4ad0-86d3-ee133d6e3dfe 200 ::1 GET /imei-check 10.445 [Tue, 19 Oct 2021 10:45:28 GMT] - [Mozilla/5.0 (Windows NT 10.0; Win64; x64) AppleWebKit/537.36 (KHTML, like Gecko) Chrome/94.0.4606.81 Safari/537.36]
df3fff97-3d5d-4082-a990-85680958dc01 200 ::1 GET /call-logs 8.845 [Tue, 19 Oct 2021 10:45:30 GMT] - [Mozilla/5.0 (Windows NT 10.0; Win64; x64) AppleWebKit/537.36 (KHTML, like Gecko) Chrome/94.0.4606.81 Safari/537.36]
ce3802ca-6860-4d98-bf76-473221e7398f 304 ::1 GET /OldImei-check 9.818 [Tue, 19 Oct 2021 10:45:32 GMT] - [Mozilla/5.0 (Windows NT 10.0; Win64; x64) AppleWebKit/537.36 (KHTML, like Gecko) Chrome/94.0.4606.81 Safari/537.36]
b23d6bc5-dafb-4486-9c5c-38abec90ba39 200 ::1 GET /oldCall-logs 10.068 [Tue, 19 Oct 2021 10:45:37 GMT] - [Mozilla/5.0 (Windows NT 10.0; Win64; x64) AppleWebKit/537.36 (KHTML, like Gecko) Chrome/94.0.4606.81 Safari/537.36]
caacc281-7aa3-4d76-94a1-7320d819a45d 304 ::1 GET /imei-check 7.017 [Tue, 19 Oct 2021 10:45:38 GMT] - [Mozilla/5.0 (Windows NT 10.0; Win64; x64) AppleWebKit/537.36 (KHTML, like Gecko) Chrome/94.0.4606.81 Safari/537.36]
9e5748df-cd67-4974-9ff0-eccb36f46f49 200 ::1 GET /OldImei-check 24.624 [Tue, 19 Oct 2021 10:47:39 GMT] - [Mozilla/5.0 (Windows NT 10.0; Win64; x64) AppleWebKit/537.36 (KHTML, like Gecko) Chrome/94.0.4606.81 Safari/537.36]
286d67d3-7e8e-4297-9fad-a4264b7a0aec 304 ::1 GET /OldImei-check 130.724 [Tue, 19 Oct 2021 11:50:49 GMT] - [Mozilla/5.0 (Windows NT 10.0; Win64; x64) AppleWebKit/537.36 (KHTML, like Gecko) Chrome/94.0.4606.81 Safari/537.36]
2d35f3a3-254d-4c21-aa36-3de947757eb1 304 ::1 GET /call-logs 37.558 [Tue, 19 Oct 2021 11:50:54 GMT] - [Mozilla/5.0 (Windows NT 10.0; Win64; x64) AppleWebKit/537.36 (KHTML, like Gecko) Chrome/94.0.4606.81 Safari/537.36]
da33bf47-55bd-43ea-9397-f7016cae6329 304 ::1 GET /oldCall-logs 27.994 [Tue, 19 Oct 2021 11:51:30 GMT] - [Mozilla/5.0 (Windows NT 10.0; Win64; x64) AppleWebKit/537.36 (KHTML, like Gecko) Chrome/94.0.4606.81 Safari/537.36]
de222b2a-54f4-4211-a1d4-48bb09732028 304 ::1 GET /OldImei-check 27.838 [Tue, 19 Oct 2021 11:51:33 GMT] - [Mozilla/5.0 (Windows NT 10.0; Win64; x64) AppleWebKit/537.36 (KHTML, like Gecko) Chrome/94.0.4606.81 Safari/537.36]
d10d18b9-116c-40b5-8e88-e7477f620b42 304 ::1 GET /call-logs 24.092 [Tue, 19 Oct 2021 11:51:40 GMT] - [Mozilla/5.0 (Windows NT 10.0; Win64; x64) AppleWebKit/537.36 (KHTML, like Gecko) Chrome/94.0.4606.81 Safari/537.36]
4d5b3861-3bd5-4e66-970c-957ab361778d 304 ::1 GET /oldCall-logs 19.309 [Tue, 19 Oct 2021 11:52:00 GMT] - [Mozilla/5.0 (Windows NT 10.0; Win64; x64) AppleWebKit/537.36 (KHTML, like Gecko) Chrome/94.0.4606.81 Safari/537.36]
98ccac37-c7c6-44a3-a235-f6cd712e6846 200 ::1 POST /oldCall-logs 5840.269 [Tue, 19 Oct 2021 11:52:51 GMT] - [Mozilla/5.0 (Windows NT 10.0; Win64; x64) AppleWebKit/537.36 (KHTML, like Gecko) Chrome/94.0.4606.81 Safari/537.36]
b9ee5352-6dd0-40ea-954b-14491eb44910 200 ::1 POST /oldCall-logs 33527.145 [Tue, 19 Oct 2021 11:54:02 GMT] - [Mozilla/5.0 (Windows NT 10.0; Win64; x64) AppleWebKit/537.36 (KHTML, like Gecko) Chrome/94.0.4606.81 Safari/537.36]
dbcc8c38-d606-483d-9145-eaacea68e19e 200 ::1 GET /oldCall-logs 32.930 [Tue, 19 Oct 2021 12:07:44 GMT] - [Mozilla/5.0 (Windows NT 10.0; Win64; x64) AppleWebKit/537.36 (KHTML, like Gecko) Chrome/94.0.4606.81 Safari/537.36]
0697d490-7ca0-479c-aa74-d93698ba65d6 200 ::1 POST /oldCall-logs 5778.173 [Tue, 19 Oct 2021 12:08:10 GMT] - [Mozilla/5.0 (Windows NT 10.0; Win64; x64) AppleWebKit/537.36 (KHTML, like Gecko) Chrome/94.0.4606.81 Safari/537.36]
25ea8815-6076-4d7b-9c3f-06fb33c0b861 200 ::1 GET /oldCall-logs 7.940 [Tue, 19 Oct 2021 12:15:08 GMT] - [Mozilla/5.0 (Windows NT 10.0; Win64; x64) AppleWebKit/537.36 (KHTML, like Gecko) Chrome/94.0.4606.81 Safari/537.36]
50477f70-412d-4287-902a-db78da09d5d7 200 ::1 GET /oldCall-logs 35.623 [Tue, 19 Oct 2021 12:15:23 GMT] - [Mozilla/5.0 (Windows NT 10.0; Win64; x64) AppleWebKit/537.36 (KHTML, like Gecko) Chrome/94.0.4606.81 Safari/537.36]
4643f360-5016-4ed0-a824-3af75af0d2a2 200 ::1 POST /oldCall-logs 5679.893 [Tue, 19 Oct 2021 12:15:51 GMT] - [Mozilla/5.0 (Windows NT 10.0; Win64; x64) AppleWebKit/537.36 (KHTML, like Gecko) Chrome/94.0.4606.81 Safari/537.36]
d83785b4-b0ea-4648-825b-d5fcc26e1eeb 200 ::1 GET /call-logs 183.793 [Tue, 19 Oct 2021 15:20:06 GMT] - [Mozilla/5.0 (Windows NT 10.0; Win64; x64) AppleWebKit/537.36 (KHTML, like Gecko) Chrome/94.0.4606.81 Safari/537.36]
c405223b-60a6-4c2d-a209-b9ba8bfdd653 304 ::1 GET /call-logs 50.251 [Tue, 19 Oct 2021 15:20:31 GMT] - [Mozilla/5.0 (Windows NT 10.0; Win64; x64) AppleWebKit/537.36 (KHTML, like Gecko) Chrome/94.0.4606.81 Safari/537.36]
91b1a59c-7420-4930-97a6-c4445737ba1d 200 ::1 POST /call-logs 1307.297 [Tue, 19 Oct 2021 15:23:49 GMT] - [Mozilla/5.0 (Windows NT 10.0; Win64; x64) AppleWebKit/537.36 (KHTML, like Gecko) Chrome/94.0.4606.81 Safari/537.36]
b477b982-385e-4cf6-b41d-9be30d5ff437 200 ::1 POST /call-logs 179.585 [Tue, 19 Oct 2021 15:24:30 GMT] - [Mozilla/5.0 (Windows NT 10.0; Win64; x64) AppleWebKit/537.36 (KHTML, like Gecko) Chrome/94.0.4606.81 Safari/537.36]
75fe2ef6-def8-4d82-a257-7add8e950f3a 200 ::1 POST /call-logs 155.255 [Tue, 19 Oct 2021 15:37:35 GMT] - [Mozilla/5.0 (Windows NT 10.0; Win64; x64) AppleWebKit/537.36 (KHTML, like Gecko) Chrome/94.0.4606.81 Safari/537.36]
7608fde7-6fad-4541-a50b-929b089db85c 200 ::1 POST /call-logs 157.783 [Tue, 19 Oct 2021 15:38:20 GMT] - [Mozilla/5.0 (Windows NT 10.0; Win64; x64) AppleWebKit/537.36 (KHTML, like Gecko) Chrome/94.0.4606.81 Safari/537.36]
a2cdabec-7f50-4c60-ad23-35aa7a5adfb7 200 ::1 GET /call-logs 34.912 [Tue, 19 Oct 2021 15:38:25 GMT] - [Mozilla/5.0 (Windows NT 10.0; Win64; x64) AppleWebKit/537.36 (KHTML, like Gecko) Chrome/94.0.4606.81 Safari/537.36]
2c12c806-bb41-432d-9640-86ee16527f29 200 ::1 GET /oldCall-logs 40.945 [Tue, 19 Oct 2021 15:38:41 GMT] - [Mozilla/5.0 (Windows NT 10.0; Win64; x64) AppleWebKit/537.36 (KHTML, like Gecko) Chrome/94.0.4606.81 Safari/537.36]
29d1ee7d-3904-4027-9a07-415162541443 200 ::1 POST /oldCall-logs 37968.920 [Tue, 19 Oct 2021 15:41:23 GMT] - [Mozilla/5.0 (Windows NT 10.0; Win64; x64) AppleWebKit/537.36 (KHTML, like Gecko) Chrome/94.0.4606.81 Safari/537.36]
0bd4fe44-a501-4307-81f3-62d80d8e6beb 200 ::1 GET / 233.157 [Thu, 21 Oct 2021 13:47:23 GMT] - [Mozilla/5.0 (Windows NT 10.0; Win64; x64) AppleWebKit/537.36 (KHTML, like Gecko) Chrome/94.0.4606.81 Safari/537.36]
43926502-34c1-436a-85dc-5203d894f596 302 ::1 POST /login 271.923 [Thu, 21 Oct 2021 13:47:30 GMT] - [Mozilla/5.0 (Windows NT 10.0; Win64; x64) AppleWebKit/537.36 (KHTML, like Gecko) Chrome/94.0.4606.81 Safari/537.36]
031535ef-1071-4a7a-906d-b3f406afc338 200 ::1 GET /call-logs 20.124 [Thu, 21 Oct 2021 13:47:30 GMT] - [Mozilla/5.0 (Windows NT 10.0; Win64; x64) AppleWebKit/537.36 (KHTML, like Gecko) Chrome/94.0.4606.81 Safari/537.36]
abd99822-1516-4ebe-8cd3-a8ca4886ec85 200 ::1 GET /call-logs 102.126 [Thu, 21 Oct 2021 13:54:41 GMT] - [Mozilla/5.0 (Windows NT 10.0; Win64; x64) AppleWebKit/537.36 (KHTML, like Gecko) Chrome/94.0.4606.81 Safari/537.36]
2c8bd933-eac9-481c-a85f-329736c1a52d 200 ::1 GET / 72.744 [Thu, 21 Oct 2021 14:02:42 GMT] - [Mozilla/5.0 (Windows NT 10.0; Win64; x64) AppleWebKit/537.36 (KHTML, like Gecko) Chrome/94.0.4606.81 Safari/537.36]
a5d7a245-bd85-46d6-b27f-7c2b4117cf96 302 ::1 POST /login 265.173 [Thu, 21 Oct 2021 14:02:48 GMT] - [Mozilla/5.0 (Windows NT 10.0; Win64; x64) AppleWebKit/537.36 (KHTML, like Gecko) Chrome/94.0.4606.81 Safari/537.36]
32f37d34-9169-4cf5-b35d-25415e735067 304 ::1 GET /call-logs 25.494 [Thu, 21 Oct 2021 14:02:48 GMT] - [Mozilla/5.0 (Windows NT 10.0; Win64; x64) AppleWebKit/537.36 (KHTML, like Gecko) Chrome/94.0.4606.81 Safari/537.36]
aed2fdce-df2d-40bf-a0a4-3871191d05ee 200 ::1 GET /call-logs 84.222 [Thu, 21 Oct 2021 14:04:47 GMT] - [Mozilla/5.0 (Windows NT 10.0; Win64; x64) AppleWebKit/537.36 (KHTML, like Gecko) Chrome/94.0.4606.81 Safari/537.36]
645ad867-ceee-43d3-8053-3b33749c35a2 304 ::1 GET /call-logs 43.419 [Thu, 21 Oct 2021 14:07:18 GMT] - [Mozilla/5.0 (Windows NT 10.0; Win64; x64) AppleWebKit/537.36 (KHTML, like Gecko) Chrome/94.0.4606.81 Safari/537.36]
4ae1648a-7c1a-4175-9b84-4e7100b242b0 304 ::ffff:127.0.0.1 GET /call-logs 63.760 [Thu, 21 Oct 2021 14:07:21 GMT] - [Mozilla/5.0 (Windows NT 10.0; Win64; x64) AppleWebKit/537.36 (KHTML, like Gecko) Chrome/94.0.4606.81 Safari/537.36]
13b6dc73-4af1-4fd6-986b-54def711573b 200 ::1 GET /call-logs 100.106 [Thu, 21 Oct 2021 14:10:01 GMT] - [Mozilla/5.0 (Windows NT 10.0; Win64; x64) AppleWebKit/537.36 (KHTML, like Gecko) Chrome/94.0.4606.81 Safari/537.36]
6ff5be02-a0b7-45d7-b609-a509b2a159b0 304 ::1 GET /call-logs 36.867 [Thu, 21 Oct 2021 14:10:05 GMT] - [Mozilla/5.0 (Windows NT 10.0; Win64; x64) AppleWebKit/537.36 (KHTML, like Gecko) Chrome/94.0.4606.81 Safari/537.36]
6f6c7b95-3879-4c59-9e1b-2557d5b0f122 200 ::ffff:127.0.0.1 GET /call-logs 46.311 [Thu, 21 Oct 2021 14:11:04 GMT] - [Mozilla/5.0 (Windows NT 10.0; Win64; x64) AppleWebKit/537.36 (KHTML, like Gecko) Chrome/94.0.4606.81 Safari/537.36]
0598fbf3-c929-49e4-9dfa-81b5f88dc3f9 304 ::ffff:127.0.0.1 GET /call-logs 53.748 [Thu, 21 Oct 2021 14:11:50 GMT] - [Mozilla/5.0 (Windows NT 10.0; Win64; x64) AppleWebKit/537.36 (KHTML, like Gecko) Chrome/94.0.4606.81 Safari/537.36]
13eac075-b212-40d1-85c9-c8e7ecfa62fb 304 ::1 GET /call-logs 42.950 [Thu, 21 Oct 2021 14:13:37 GMT] - [Mozilla/5.0 (Windows NT 10.0; Win64; x64) AppleWebKit/537.36 (KHTML, like Gecko) Chrome/94.0.4606.81 Safari/537.36]
e349d2de-fbb6-4cd1-9ff2-4fd1396da918 304 ::1 GET /call-logs 44.241 [Thu, 21 Oct 2021 14:14:00 GMT] - [Mozilla/5.0 (Windows NT 10.0; Win64; x64) AppleWebKit/537.36 (KHTML, like Gecko) Chrome/94.0.4606.81 Safari/537.36]
7d313619-ec15-4cf6-a7fd-25e70fb8cb01 200 ::ffff:127.0.0.1 GET /call-logs 45.334 [Thu, 21 Oct 2021 14:15:39 GMT] - [Mozilla/5.0 (Windows NT 10.0; Win64; x64) AppleWebKit/537.36 (KHTML, like Gecko) Chrome/94.0.4606.81 Safari/537.36]
52f3578a-c83e-45f6-81f1-c41afeba3431 304 ::ffff:127.0.0.1 GET /call-logs 54.381 [Thu, 21 Oct 2021 14:16:36 GMT] - [Mozilla/5.0 (Windows NT 10.0; Win64; x64) AppleWebKit/537.36 (KHTML, like Gecko) Chrome/94.0.4606.81 Safari/537.36]
fd28d880-5cbe-478b-97ea-1a90377341ee 200 ::1 GET /call-logs 40.128 [Thu, 21 Oct 2021 14:35:05 GMT] - [Mozilla/5.0 (Windows NT 10.0; Win64; x64) AppleWebKit/537.36 (KHTML, like Gecko) Chrome/94.0.4606.81 Safari/537.36]
c6faba94-c4df-43d1-8c7d-ca55c837a86f 302 ::1 GET /logout 28.073 [Thu, 21 Oct 2021 14:51:19 GMT] - [Mozilla/5.0 (Windows NT 10.0; Win64; x64) AppleWebKit/537.36 (KHTML, like Gecko) Chrome/94.0.4606.81 Safari/537.36]
60543841-f649-408e-af8c-4a2b0bacc59e 200 ::1 GET /login 33.098 [Thu, 21 Oct 2021 14:51:19 GMT] - [Mozilla/5.0 (Windows NT 10.0; Win64; x64) AppleWebKit/537.36 (KHTML, like Gecko) Chrome/94.0.4606.81 Safari/537.36]
351aa719-4b9a-425e-9e57-9de575bdf2ab 302 ::1 POST /login 301.265 [Thu, 21 Oct 2021 14:51:26 GMT] - [Mozilla/5.0 (Windows NT 10.0; Win64; x64) AppleWebKit/537.36 (KHTML, like Gecko) Chrome/94.0.4606.81 Safari/537.36]
cbbb69b6-90ea-4fa2-89ff-f3227747c06e 200 ::1 GET /admin/admin-dashboard 31.246 [Thu, 21 Oct 2021 14:51:26 GMT] - [Mozilla/5.0 (Windows NT 10.0; Win64; x64) AppleWebKit/537.36 (KHTML, like Gecko) Chrome/94.0.4606.81 Safari/537.36]
3bdb67db-3b7e-49f4-80c5-82570f42cae9 200 ::1 GET /admin/create-user 58.640 [Thu, 21 Oct 2021 14:51:33 GMT] - [Mozilla/5.0 (Windows NT 10.0; Win64; x64) AppleWebKit/537.36 (KHTML, like Gecko) Chrome/94.0.4606.81 Safari/537.36]
39e9f07b-52fe-4198-901c-8df2af518a6a 302 ::1 POST /admin/create-user 513.195 [Thu, 21 Oct 2021 14:52:11 GMT] - [Mozilla/5.0 (Windows NT 10.0; Win64; x64) AppleWebKit/537.36 (KHTML, like Gecko) Chrome/94.0.4606.81 Safari/537.36]
a33b9e14-250d-41a0-9ab3-7772de2944c7 200 ::1 GET /admin/create-user 53.457 [Thu, 21 Oct 2021 14:52:11 GMT] - [Mozilla/5.0 (Windows NT 10.0; Win64; x64) AppleWebKit/537.36 (KHTML, like Gecko) Chrome/94.0.4606.81 Safari/537.36]
8af6ca9e-6d24-4e24-ac9f-449a19d5a8d4 200 ::1 GET /admin/admin-dashboard 60.349 [Thu, 21 Oct 2021 14:52:16 GMT] - [Mozilla/5.0 (Windows NT 10.0; Win64; x64) AppleWebKit/537.36 (KHTML, like Gecko) Chrome/94.0.4606.81 Safari/537.36]
1cccc61e-5709-4ab8-9656-4b02133870cf 200 ::1 GET / 52.556 [Thu, 21 Oct 2021 15:50:52 GMT] - [Mozilla/5.0 (Windows NT 10.0; Win64; x64) AppleWebKit/537.36 (KHTML, like Gecko) Chrome/94.0.4606.81 Safari/537.36]
e4f68a1a-5b6a-474b-be5b-9ab767bbb598 200 ::1 GET / 79.787 [Thu, 21 Oct 2021 15:53:03 GMT] - [Mozilla/5.0 (Windows NT 10.0; Win64; x64) AppleWebKit/537.36 (KHTML, like Gecko) Chrome/94.0.4606.81 Safari/537.36]
4697ef3f-0e9f-459a-8535-6207299a2ef5 200 ::1 GET / 36.972 [Thu, 21 Oct 2021 15:53:47 GMT] - [Mozilla/5.0 (Windows NT 10.0; Win64; x64) AppleWebKit/537.36 (KHTML, like Gecko) Chrome/94.0.4606.81 Safari/537.36]
ef7bb364-b672-4ae4-abc0-258fe4797496 200 ::1 GET / 71.669 [Thu, 21 Oct 2021 15:54:57 GMT] - [Mozilla/5.0 (Windows NT 10.0; Win64; x64) AppleWebKit/537.36 (KHTML, like Gecko) Chrome/94.0.4606.81 Safari/537.36]
8baeac55-8514-43b6-8f38-6e3b6b8c0ef9 200 ::1 GET / 42.642 [Thu, 21 Oct 2021 15:56:34 GMT] - [Mozilla/5.0 (Windows NT 10.0; Win64; x64) AppleWebKit/537.36 (KHTML, like Gecko) Chrome/94.0.4606.81 Safari/537.36]
b2a59486-5e35-49ac-8629-e9422932fab0 200 ::1 GET / 39.250 [Thu, 21 Oct 2021 15:57:21 GMT] - [Mozilla/5.0 (Windows NT 10.0; Win64; x64) AppleWebKit/537.36 (KHTML, like Gecko) Chrome/94.0.4606.81 Safari/537.36]
618df6b2-879f-43c8-a24a-b7e19b3cc858 200 ::1 GET / 44.633 [Thu, 21 Oct 2021 15:58:18 GMT] - [Mozilla/5.0 (Windows NT 10.0; Win64; x64) AppleWebKit/537.36 (KHTML, like Gecko) Chrome/94.0.4606.81 Safari/537.36]
9f3c356b-d518-4c2c-8181-5ea188493fd1 200 ::1 GET / 41.730 [Thu, 21 Oct 2021 16:00:58 GMT] - [Mozilla/5.0 (Windows NT 10.0; Win64; x64) AppleWebKit/537.36 (KHTML, like Gecko) Chrome/94.0.4606.81 Safari/537.36]
0bd10e49-a01a-454b-b638-6b97d1642d9c 200 ::1 GET / 103.550 [Thu, 21 Oct 2021 16:01:53 GMT] - [Mozilla/5.0 (Windows NT 10.0; Win64; x64) AppleWebKit/537.36 (KHTML, like Gecko) Chrome/94.0.4606.81 Safari/537.36]
24758591-e467-4369-bfd6-783981b75d40 200 ::ffff:127.0.0.1 GET / 41.405 [Thu, 21 Oct 2021 16:02:40 GMT] - [Mozilla/5.0 (Windows NT 10.0; Win64; x64) AppleWebKit/537.36 (KHTML, like Gecko) Chrome/94.0.4606.81 Safari/537.36]
bc917d35-0df1-4928-88b7-336e628952ad 304 ::1 GET / 26.807 [Thu, 21 Oct 2021 16:03:56 GMT] - [Mozilla/5.0 (Windows NT 10.0; Win64; x64) AppleWebKit/537.36 (KHTML, like Gecko) Chrome/94.0.4606.81 Safari/537.36]
fcef6b89-03cd-441f-9531-25d5d99a2228 200 ::1 GET / 91.907 [Thu, 21 Oct 2021 16:04:35 GMT] - [Mozilla/5.0 (Windows NT 10.0; Win64; x64) AppleWebKit/537.36 (KHTML, like Gecko) Chrome/94.0.4606.81 Safari/537.36]
8a30f7a8-5a15-4358-85b6-b05054f93505 200 ::1 GET / 92.454 [Thu, 21 Oct 2021 16:06:49 GMT] - [Mozilla/5.0 (Windows NT 10.0; Win64; x64) AppleWebKit/537.36 (KHTML, like Gecko) Chrome/94.0.4606.81 Safari/537.36]
785ef307-62e0-467e-965a-1ddd5ee76e9c 404 ::1 GET /js/bootstrap.bundle.min.js.map 12.658 [Thu, 21 Oct 2021 16:07:03 GMT] - [Mozilla/5.0 (Windows NT 10.0; Win64; x64) AppleWebKit/537.36 (KHTML, like Gecko) Chrome/94.0.4606.81 Safari/537.36]
2b0bf870-bee4-4d59-bec0-8dfa5de1b9a8 200 ::1 GET / 42.753 [Thu, 21 Oct 2021 16:08:15 GMT] - [Mozilla/5.0 (Windows NT 10.0; Win64; x64) AppleWebKit/537.36 (KHTML, like Gecko) Chrome/94.0.4606.81 Safari/537.36]
86c083a8-fb11-4d73-adf9-163bc30f4fea 404 ::1 GET /js/bootstrap.bundle.min.js.map 12.320 [Thu, 21 Oct 2021 16:08:16 GMT] - [Mozilla/5.0 (Windows NT 10.0; Win64; x64) AppleWebKit/537.36 (KHTML, like Gecko) Chrome/94.0.4606.81 Safari/537.36]
7280d9dd-2caf-497f-b7fc-66882458d65e 200 ::1 GET / 46.740 [Thu, 21 Oct 2021 16:12:45 GMT] - [Mozilla/5.0 (Windows NT 10.0; Win64; x64) AppleWebKit/537.36 (KHTML, like Gecko) Chrome/94.0.4606.81 Safari/537.36]
97c6c866-3ed0-4433-82a6-8d7aee7a5542 404 ::1 GET /js/bootstrap.bundle.min.js.map 23.282 [Thu, 21 Oct 2021 16:12:46 GMT] - [Mozilla/5.0 (Windows NT 10.0; Win64; x64) AppleWebKit/537.36 (KHTML, like Gecko) Chrome/94.0.4606.81 Safari/537.36]
9ffeb221-fd6a-46ff-973c-8bd3812fe303 200 ::1 GET / 55.227 [Thu, 21 Oct 2021 16:12:54 GMT] - [Mozilla/5.0 (Windows NT 10.0; Win64; x64) AppleWebKit/537.36 (KHTML, like Gecko) Chrome/94.0.4606.81 Safari/537.36]
7a4d9771-2581-4ea4-8870-2104207458b6 404 ::1 GET /js/bootstrap.bundle.min.js.map 9.009 [Thu, 21 Oct 2021 16:12:56 GMT] - [Mozilla/5.0 (Windows NT 10.0; Win64; x64) AppleWebKit/537.36 (KHTML, like Gecko) Chrome/94.0.4606.81 Safari/537.36]
cf58379b-0fa9-44b4-ace7-c3e3728b517a 200 ::1 GET / 16.778 [Thu, 21 Oct 2021 16:12:57 GMT] - [Mozilla/5.0 (Windows NT 10.0; Win64; x64) AppleWebKit/537.36 (KHTML, like Gecko) Chrome/94.0.4606.81 Safari/537.36]
4c774383-a4ad-4be3-941a-0b447d79f1d4 404 ::1 GET /js/bootstrap.bundle.min.js.map 21.856 [Thu, 21 Oct 2021 16:12:59 GMT] - [Mozilla/5.0 (Windows NT 10.0; Win64; x64) AppleWebKit/537.36 (KHTML, like Gecko) Chrome/94.0.4606.81 Safari/537.36]
d04f23c4-f014-499f-8e72-99d5fb4db7a8 200 ::1 GET / 26.195 [Thu, 21 Oct 2021 16:14:57 GMT] - [Mozilla/5.0 (Windows NT 10.0; Win64; x64) AppleWebKit/537.36 (KHTML, like Gecko) Chrome/94.0.4606.81 Safari/537.36]
db0d93b5-d1b1-4991-8730-124bc46450cf 404 ::1 GET /js/bootstrap.bundle.min.js.map 12.880 [Thu, 21 Oct 2021 16:14:58 GMT] - [Mozilla/5.0 (Windows NT 10.0; Win64; x64) AppleWebKit/537.36 (KHTML, like Gecko) Chrome/94.0.4606.81 Safari/537.36]
