94adccba-8099-49d9-937a-0051c782438c 304 ::1 GET /call-logs 159.396 [Mon, 11 Oct 2021 09:11:51 GMT] - [Mozilla/5.0 (Windows NT 10.0; Win64; x64) AppleWebKit/537.36 (KHTML, like Gecko) Chrome/94.0.4606.71 Safari/537.36]
d0903860-0fb8-4cf7-ad38-af091380dd0b 200 ::1 GET / 145.975 [Fri, 15 Oct 2021 13:20:18 GMT] - [Mozilla/5.0 (Windows NT 10.0; Win64; x64) AppleWebKit/537.36 (KHTML, like Gecko) Chrome/94.0.4606.81 Safari/537.36]
811c86fc-159d-42a6-9372-7ff92c19f56c 302 ::1 POST /login 307.615 [Fri, 15 Oct 2021 13:20:26 GMT] - [Mozilla/5.0 (Windows NT 10.0; Win64; x64) AppleWebKit/537.36 (KHTML, like Gecko) Chrome/94.0.4606.81 Safari/537.36]
e59113a5-70fd-4c82-93a3-c7996d93e34f 200 ::1 GET /call-logs 34.314 [Fri, 15 Oct 2021 13:20:26 GMT] - [Mozilla/5.0 (Windows NT 10.0; Win64; x64) AppleWebKit/537.36 (KHTML, like Gecko) Chrome/94.0.4606.81 Safari/537.36]
385c4a1f-9b31-4524-a1a1-5d1c86e72b3d - ::1 POST /call-logs - [Fri, 15 Oct 2021 13:23:01 GMT] - [Mozilla/5.0 (Windows NT 10.0; Win64; x64) AppleWebKit/537.36 (KHTML, like Gecko) Chrome/94.0.4606.81 Safari/537.36]
646c7bb2-6da2-446f-b09d-40b22920054b 304 ::1 GET /call-logs 94.129 [Fri, 15 Oct 2021 13:25:19 GMT] - [Mozilla/5.0 (Windows NT 10.0; Win64; x64) AppleWebKit/537.36 (KHTML, like Gecko) Chrome/94.0.4606.81 Safari/537.36]
7cfadc2a-8fee-454c-b04c-912649b37044 200 ::1 POST /call-logs 446.769 [Fri, 15 Oct 2021 13:25:41 GMT] - [Mozilla/5.0 (Windows NT 10.0; Win64; x64) AppleWebKit/537.36 (KHTML, like Gecko) Chrome/94.0.4606.81 Safari/537.36]
fe97d48f-7060-406c-b886-71b420034b02 200 ::1 GET /call-logs 54.102 [Fri, 15 Oct 2021 13:27:36 GMT] - [Mozilla/5.0 (Windows NT 10.0; Win64; x64) AppleWebKit/537.36 (KHTML, like Gecko) Chrome/94.0.4606.81 Safari/537.36]
8ac33bbd-2814-4279-aabc-079850a67297 200 ::1 POST /call-logs 492.296 [Fri, 15 Oct 2021 13:28:17 GMT] - [Mozilla/5.0 (Windows NT 10.0; Win64; x64) AppleWebKit/537.36 (KHTML, like Gecko) Chrome/94.0.4606.81 Safari/537.36]
76ad0b11-e76b-4f6d-85e8-7025901d0d35 404 ::1 GET /js/bootstrap.bundle.min.js.map 13.997 [Fri, 15 Oct 2021 13:29:54 GMT] - [Mozilla/5.0 (Windows NT 10.0; Win64; x64) AppleWebKit/537.36 (KHTML, like Gecko) Chrome/94.0.4606.81 Safari/537.36]
acf78548-c870-4bc5-a700-0f28711414eb - ::1 POST /call-logs - [Fri, 15 Oct 2021 13:30:52 GMT] - [Mozilla/5.0 (Windows NT 10.0; Win64; x64) AppleWebKit/537.36 (KHTML, like Gecko) Chrome/94.0.4606.81 Safari/537.36]
24e293b3-8b19-465d-bf64-9757513479c6 200 ::1 GET /call-logs 55.206 [Fri, 15 Oct 2021 13:31:15 GMT] - [Mozilla/5.0 (Windows NT 10.0; Win64; x64) AppleWebKit/537.36 (KHTML, like Gecko) Chrome/94.0.4606.81 Safari/537.36]
32b622d4-45ab-474b-9030-baa7eb18b6f4 404 ::1 GET /js/bootstrap.bundle.min.js.map 10.286 [Fri, 15 Oct 2021 13:31:25 GMT] - [Mozilla/5.0 (Windows NT 10.0; Win64; x64) AppleWebKit/537.36 (KHTML, like Gecko) Chrome/94.0.4606.81 Safari/537.36]
a065667e-25c2-44a5-aac7-de48e36884b1 - ::1 POST /call-logs - [Fri, 15 Oct 2021 13:32:26 GMT] - [Mozilla/5.0 (Windows NT 10.0; Win64; x64) AppleWebKit/537.36 (KHTML, like Gecko) Chrome/94.0.4606.81 Safari/537.36]
7f546889-1e56-4ede-9520-48c78780453d 304 ::1 GET /call-logs 48.368 [Fri, 15 Oct 2021 13:33:59 GMT] - [Mozilla/5.0 (Windows NT 10.0; Win64; x64) AppleWebKit/537.36 (KHTML, like Gecko) Chrome/94.0.4606.81 Safari/537.36]
ad78dbf9-6e94-4640-b2be-b465c5713d4c 304 ::1 GET /call-logs 41.354 [Fri, 15 Oct 2021 13:34:42 GMT] - [Mozilla/5.0 (Windows NT 10.0; Win64; x64) AppleWebKit/537.36 (KHTML, like Gecko) Chrome/94.0.4606.81 Safari/537.36]
39775025-9cdd-4c9b-b7ff-b6d77dc6cf4a 304 ::1 GET /call-logs 39.695 [Fri, 15 Oct 2021 13:36:45 GMT] - [Mozilla/5.0 (Windows NT 10.0; Win64; x64) AppleWebKit/537.36 (KHTML, like Gecko) Chrome/94.0.4606.81 Safari/537.36]
144b6893-e958-4acb-b949-92dcca8b774a - ::1 POST /call-logs - [Fri, 15 Oct 2021 13:37:48 GMT] - [Mozilla/5.0 (Windows NT 10.0; Win64; x64) AppleWebKit/537.36 (KHTML, like Gecko) Chrome/94.0.4606.81 Safari/537.36]
eaf3f663-f522-4161-9451-289bdb064972 304 ::1 GET /call-logs 30.026 [Fri, 15 Oct 2021 13:40:09 GMT] - [Mozilla/5.0 (Windows NT 10.0; Win64; x64) AppleWebKit/537.36 (KHTML, like Gecko) Chrome/94.0.4606.81 Safari/537.36]
704f25e4-9951-4e27-ac95-33cdb4820b07 - ::1 POST /call-logs - [Fri, 15 Oct 2021 13:42:48 GMT] - [Mozilla/5.0 (Windows NT 10.0; Win64; x64) AppleWebKit/537.36 (KHTML, like Gecko) Chrome/94.0.4606.81 Safari/537.36]
4820a5ed-45ae-4902-ad32-78f7c1e8b016 304 ::1 GET /call-logs 39.080 [Fri, 15 Oct 2021 13:42:49 GMT] - [Mozilla/5.0 (Windows NT 10.0; Win64; x64) AppleWebKit/537.36 (KHTML, like Gecko) Chrome/94.0.4606.81 Safari/537.36]
996e4534-fc1d-4a3e-8b78-f412a3d5f730 304 ::1 GET /call-logs 57.967 [Fri, 15 Oct 2021 13:43:14 GMT] - [Mozilla/5.0 (Windows NT 10.0; Win64; x64) AppleWebKit/537.36 (KHTML, like Gecko) Chrome/94.0.4606.81 Safari/537.36]
91a7fa30-4ece-43ca-9e17-e9d4255d0bbe 304 ::1 GET /call-logs 25.431 [Fri, 15 Oct 2021 13:46:56 GMT] - [Mozilla/5.0 (Windows NT 10.0; Win64; x64) AppleWebKit/537.36 (KHTML, like Gecko) Chrome/94.0.4606.81 Safari/537.36]
7d087db2-f7d5-4a49-a320-5b3c46172008 304 ::1 GET /call-logs 21.448 [Fri, 15 Oct 2021 13:52:42 GMT] - [Mozilla/5.0 (Windows NT 10.0; Win64; x64) AppleWebKit/537.36 (KHTML, like Gecko) Chrome/94.0.4606.81 Safari/537.36]
e84bde55-710b-4069-b3aa-67b67c438a80 200 ::1 POST /call-logs 101.457 [Fri, 15 Oct 2021 13:52:52 GMT] - [Mozilla/5.0 (Windows NT 10.0; Win64; x64) AppleWebKit/537.36 (KHTML, like Gecko) Chrome/94.0.4606.81 Safari/537.36]
c3bd5f26-13ed-4a0b-8edb-205c6968fe39 500 ::1 GET /call-logs 19.423 [Fri, 15 Oct 2021 13:54:30 GMT] - [Mozilla/5.0 (Windows NT 10.0; Win64; x64) AppleWebKit/537.36 (KHTML, like Gecko) Chrome/94.0.4606.81 Safari/537.36]
18d8d1a9-e8dd-41b2-9d6d-0821ec35ddec 200 ::1 GET /call-logs 18.023 [Fri, 15 Oct 2021 13:56:28 GMT] - [Mozilla/5.0 (Windows NT 10.0; Win64; x64) AppleWebKit/537.36 (KHTML, like Gecko) Chrome/94.0.4606.81 Safari/537.36]
f415dfd8-4f12-40b1-98c6-3de2fb99557c 200 ::1 POST /call-logs 104.305 [Fri, 15 Oct 2021 13:56:40 GMT] - [Mozilla/5.0 (Windows NT 10.0; Win64; x64) AppleWebKit/537.36 (KHTML, like Gecko) Chrome/94.0.4606.81 Safari/537.36]
48fb16c7-e368-412c-b6f0-3cebf8468c75 200 ::1 GET /call-logs 29.055 [Fri, 15 Oct 2021 14:01:33 GMT] - [Mozilla/5.0 (Windows NT 10.0; Win64; x64) AppleWebKit/537.36 (KHTML, like Gecko) Chrome/94.0.4606.81 Safari/537.36]
a00d764b-de17-4411-ab74-4c70e056c711 200 ::1 POST /call-logs 2002.414 [Fri, 15 Oct 2021 14:01:45 GMT] - [Mozilla/5.0 (Windows NT 10.0; Win64; x64) AppleWebKit/537.36 (KHTML, like Gecko) Chrome/94.0.4606.81 Safari/537.36]
46dda9fc-0586-4082-90b6-9f0187c9c946 200 ::1 POST /call-logs 3772.096 [Fri, 15 Oct 2021 14:03:00 GMT] - [Mozilla/5.0 (Windows NT 10.0; Win64; x64) AppleWebKit/537.36 (KHTML, like Gecko) Chrome/94.0.4606.81 Safari/537.36]
23a1f81b-56bc-42de-9c36-60be2de97d60 200 ::1 GET /call-logs 59.047 [Fri, 15 Oct 2021 14:07:12 GMT] - [Mozilla/5.0 (Windows NT 10.0; Win64; x64) AppleWebKit/537.36 (KHTML, like Gecko) Chrome/94.0.4606.81 Safari/537.36]
336c1307-d89f-4342-b39f-1d51636993dc 200 ::1 POST /call-logs 4564.730 [Fri, 15 Oct 2021 14:07:57 GMT] - [Mozilla/5.0 (Windows NT 10.0; Win64; x64) AppleWebKit/537.36 (KHTML, like Gecko) Chrome/94.0.4606.81 Safari/537.36]
7212266b-843c-40f7-868b-0b0b57f46dca - ::1 POST /call-logs - [Fri, 15 Oct 2021 14:15:10 GMT] - [Mozilla/5.0 (Windows NT 10.0; Win64; x64) AppleWebKit/537.36 (KHTML, like Gecko) Chrome/94.0.4606.81 Safari/537.36]
9cfe1789-237d-4bf9-bf2d-bb14b24a868b 200 ::1 GET /call-logs 35.261 [Fri, 15 Oct 2021 14:15:16 GMT] - [Mozilla/5.0 (Windows NT 10.0; Win64; x64) AppleWebKit/537.36 (KHTML, like Gecko) Chrome/94.0.4606.81 Safari/537.36]
971a4e65-a5aa-4a1b-a5f8-459fa65ad866 200 ::1 POST /call-logs 12070.720 [Fri, 15 Oct 2021 14:15:53 GMT] - [Mozilla/5.0 (Windows NT 10.0; Win64; x64) AppleWebKit/537.36 (KHTML, like Gecko) Chrome/94.0.4606.81 Safari/537.36]
eb38e946-7113-4669-bcbd-0c91e31527a7 200 ::1 GET /call-logs 33.022 [Fri, 15 Oct 2021 14:22:13 GMT] - [Mozilla/5.0 (Windows NT 10.0; Win64; x64) AppleWebKit/537.36 (KHTML, like Gecko) Chrome/94.0.4606.81 Safari/537.36]
fc30f759-9bc5-4e1b-837e-d4f6458f3b0e 200 ::1 POST /call-logs 6978.018 [Fri, 15 Oct 2021 14:22:31 GMT] - [Mozilla/5.0 (Windows NT 10.0; Win64; x64) AppleWebKit/537.36 (KHTML, like Gecko) Chrome/94.0.4606.81 Safari/537.36]
6dbddafc-47bb-40d0-b5f0-0ecf24757a4a 200 ::1 GET /imei 10.914 [Fri, 15 Oct 2021 14:29:17 GMT] - [Mozilla/5.0 (Windows NT 10.0; Win64; x64) AppleWebKit/537.36 (KHTML, like Gecko) Chrome/94.0.4606.81 Safari/537.36]
c5481392-0f83-4c84-abc7-ff7740668d73 200 ::1 POST /imei-check 358.797 [Fri, 15 Oct 2021 14:30:22 GMT] - [Mozilla/5.0 (Windows NT 10.0; Win64; x64) AppleWebKit/537.36 (KHTML, like Gecko) Chrome/94.0.4606.81 Safari/537.36]
b50d8808-adc4-4188-ae94-12c1e6f0a7c8 404 ::1 GET /imei-check 6.055 [Fri, 15 Oct 2021 14:33:16 GMT] - [Mozilla/5.0 (Windows NT 10.0; Win64; x64) AppleWebKit/537.36 (KHTML, like Gecko) Chrome/94.0.4606.81 Safari/537.36]
9d283331-166d-4e4b-8e01-c9ad5174ca69 200 ::1 GET /imei-check 22.038 [Fri, 15 Oct 2021 14:34:45 GMT] - [Mozilla/5.0 (Windows NT 10.0; Win64; x64) AppleWebKit/537.36 (KHTML, like Gecko) Chrome/94.0.4606.81 Safari/537.36]
f95a1eb9-6ef7-4352-a40e-12ca2ca580a0 - ::1 POST /imei-check - [Fri, 15 Oct 2021 14:35:29 GMT] - [Mozilla/5.0 (Windows NT 10.0; Win64; x64) AppleWebKit/537.36 (KHTML, like Gecko) Chrome/94.0.4606.81 Safari/537.36]
2561bfda-d663-4a7d-a7fa-6d6bf534f3e5 304 ::1 GET /imei-check 11.557 [Fri, 15 Oct 2021 14:38:31 GMT] - [Mozilla/5.0 (Windows NT 10.0; Win64; x64) AppleWebKit/537.36 (KHTML, like Gecko) Chrome/94.0.4606.81 Safari/537.36]
7c0d3e4a-3344-4a84-9272-817065912326 304 ::1 GET /imei-check 17.944 [Fri, 15 Oct 2021 14:38:59 GMT] - [Mozilla/5.0 (Windows NT 10.0; Win64; x64) AppleWebKit/537.36 (KHTML, like Gecko) Chrome/94.0.4606.81 Safari/537.36]
1256a5f8-1cd6-437a-9836-1724b15aea3c 200 ::1 POST /imei-check 3923.478 [Fri, 15 Oct 2021 14:39:15 GMT] - [Mozilla/5.0 (Windows NT 10.0; Win64; x64) AppleWebKit/537.36 (KHTML, like Gecko) Chrome/94.0.4606.81 Safari/537.36]
0e6661d3-a7c2-4691-9c6b-a249d3cb2e83 200 ::1 GET /imei-check 19.096 [Fri, 15 Oct 2021 14:40:03 GMT] - [Mozilla/5.0 (Windows NT 10.0; Win64; x64) AppleWebKit/537.36 (KHTML, like Gecko) Chrome/94.0.4606.81 Safari/537.36]
fa314dcd-3292-4842-8b98-a019a721c960 - ::1 POST /imei-check - [Fri, 15 Oct 2021 14:40:27 GMT] - [Mozilla/5.0 (Windows NT 10.0; Win64; x64) AppleWebKit/537.36 (KHTML, like Gecko) Chrome/94.0.4606.81 Safari/537.36]
e377ee43-da15-4b31-b251-f8aecfb59e06 200 ::1 GET /call-logs 14.019 [Fri, 15 Oct 2021 14:44:12 GMT] - [Mozilla/5.0 (Windows NT 10.0; Win64; x64) AppleWebKit/537.36 (KHTML, like Gecko) Chrome/94.0.4606.81 Safari/537.36]
ba797503-1356-450f-a6fb-d02c13fb188c 200 ::1 POST /call-logs 3702.718 [Fri, 15 Oct 2021 14:44:27 GMT] - [Mozilla/5.0 (Windows NT 10.0; Win64; x64) AppleWebKit/537.36 (KHTML, like Gecko) Chrome/94.0.4606.81 Safari/537.36]
4d371570-d2aa-4644-bce5-2db69c079041 404 ::1 GET /imei 12.798 [Fri, 15 Oct 2021 15:03:13 GMT] - [Mozilla/5.0 (Windows NT 10.0; Win64; x64) AppleWebKit/537.36 (KHTML, like Gecko) Chrome/94.0.4606.81 Safari/537.36]
3dd76da1-2320-4a6b-91fc-04594deca400 404 ::1 GET /imei 8.553 [Fri, 15 Oct 2021 15:04:12 GMT] - [Mozilla/5.0 (Windows NT 10.0; Win64; x64) AppleWebKit/537.36 (KHTML, like Gecko) Chrome/94.0.4606.81 Safari/537.36]
a13ce5f4-2f18-4527-8b16-145aa565f48a 200 ::1 GET /call-logs 20.087 [Fri, 15 Oct 2021 15:05:36 GMT] - [Mozilla/5.0 (Windows NT 10.0; Win64; x64) AppleWebKit/537.36 (KHTML, like Gecko) Chrome/94.0.4606.81 Safari/537.36]
fd7aed6a-6894-443e-a0dc-ac1851618a9e 200 ::1 GET /imei-check 8.379 [Fri, 15 Oct 2021 15:05:39 GMT] - [Mozilla/5.0 (Windows NT 10.0; Win64; x64) AppleWebKit/537.36 (KHTML, like Gecko) Chrome/94.0.4606.81 Safari/537.36]
9c5b5cec-3474-49f0-a7a4-62a8ce795580 - ::1 POST /imei-check - [Fri, 15 Oct 2021 15:06:04 GMT] - [Mozilla/5.0 (Windows NT 10.0; Win64; x64) AppleWebKit/537.36 (KHTML, like Gecko) Chrome/94.0.4606.81 Safari/537.36]
3e704d0b-2797-4104-8fb7-69bb99c0586f 304 ::1 GET /imei-check 23.608 [Fri, 15 Oct 2021 15:19:53 GMT] - [Mozilla/5.0 (Windows NT 10.0; Win64; x64) AppleWebKit/537.36 (KHTML, like Gecko) Chrome/94.0.4606.81 Safari/537.36]
88e4149a-0836-4515-818e-b8c6caaadf84 200 ::1 POST /imei-check 1123.893 [Fri, 15 Oct 2021 15:20:05 GMT] - [Mozilla/5.0 (Windows NT 10.0; Win64; x64) AppleWebKit/537.36 (KHTML, like Gecko) Chrome/94.0.4606.81 Safari/537.36]
e9e8912f-5e4c-4857-8aeb-137ab4ba6feb 200 ::1 GET /imei-check 20.244 [Fri, 15 Oct 2021 15:21:01 GMT] - [Mozilla/5.0 (Windows NT 10.0; Win64; x64) AppleWebKit/537.36 (KHTML, like Gecko) Chrome/94.0.4606.81 Safari/537.36]
ab0a9f7c-4971-41e6-9525-4a8aaacbe087 - ::1 POST /imei-check - [Fri, 15 Oct 2021 15:21:18 GMT] - [Mozilla/5.0 (Windows NT 10.0; Win64; x64) AppleWebKit/537.36 (KHTML, like Gecko) Chrome/94.0.4606.81 Safari/537.36]
5d4afb1c-3a20-43a9-a5d0-90486f77443c 304 ::1 GET /imei-check 25.980 [Fri, 15 Oct 2021 15:24:47 GMT] - [Mozilla/5.0 (Windows NT 10.0; Win64; x64) AppleWebKit/537.36 (KHTML, like Gecko) Chrome/94.0.4606.81 Safari/537.36]
7fed93f9-f343-4c92-a36b-a8c1a96a095a - ::1 POST /imei-check - [Fri, 15 Oct 2021 15:24:58 GMT] - [Mozilla/5.0 (Windows NT 10.0; Win64; x64) AppleWebKit/537.36 (KHTML, like Gecko) Chrome/94.0.4606.81 Safari/537.36]
e442da82-927a-434c-a7d0-1801a3bbf57f 304 ::1 GET /imei-check 19.549 [Fri, 15 Oct 2021 15:25:43 GMT] - [Mozilla/5.0 (Windows NT 10.0; Win64; x64) AppleWebKit/537.36 (KHTML, like Gecko) Chrome/94.0.4606.81 Safari/537.36]
ad48085d-65cd-48b0-8198-6e2a77640011 - ::1 POST /imei-check - [Fri, 15 Oct 2021 15:25:53 GMT] - [Mozilla/5.0 (Windows NT 10.0; Win64; x64) AppleWebKit/537.36 (KHTML, like Gecko) Chrome/94.0.4606.81 Safari/537.36]
583b5a92-516d-4ec8-935d-9764408132bc 304 ::1 GET /imei-check 19.057 [Fri, 15 Oct 2021 15:27:59 GMT] - [Mozilla/5.0 (Windows NT 10.0; Win64; x64) AppleWebKit/537.36 (KHTML, like Gecko) Chrome/94.0.4606.81 Safari/537.36]
c4cb408b-4038-47d1-96aa-c2242d082a0d - ::1 POST /imei-check - [Fri, 15 Oct 2021 15:28:08 GMT] - [Mozilla/5.0 (Windows NT 10.0; Win64; x64) AppleWebKit/537.36 (KHTML, like Gecko) Chrome/94.0.4606.81 Safari/537.36]
21c96465-27ed-4f6e-8200-b634a94270a8 304 ::1 GET /imei-check 26.337 [Fri, 15 Oct 2021 15:28:42 GMT] - [Mozilla/5.0 (Windows NT 10.0; Win64; x64) AppleWebKit/537.36 (KHTML, like Gecko) Chrome/94.0.4606.81 Safari/537.36]
ebab7a5f-6286-4d94-aa40-81ce6bc06a16 - ::1 POST /imei-check - [Fri, 15 Oct 2021 15:28:53 GMT] - [Mozilla/5.0 (Windows NT 10.0; Win64; x64) AppleWebKit/537.36 (KHTML, like Gecko) Chrome/94.0.4606.81 Safari/537.36]
f74b897c-e13e-434b-b408-f08644de45db 304 ::1 GET /imei-check 18.232 [Fri, 15 Oct 2021 15:29:37 GMT] - [Mozilla/5.0 (Windows NT 10.0; Win64; x64) AppleWebKit/537.36 (KHTML, like Gecko) Chrome/94.0.4606.81 Safari/537.36]
13bcf94c-8ce9-450e-937c-cf8188d90829 200 ::1 POST /imei-check 3543.579 [Fri, 15 Oct 2021 15:29:50 GMT] - [Mozilla/5.0 (Windows NT 10.0; Win64; x64) AppleWebKit/537.36 (KHTML, like Gecko) Chrome/94.0.4606.81 Safari/537.36]
c910092c-51c8-496e-b71c-cb2d33db805e 200 ::1 GET /imei-check 22.656 [Fri, 15 Oct 2021 15:32:12 GMT] - [Mozilla/5.0 (Windows NT 10.0; Win64; x64) AppleWebKit/537.36 (KHTML, like Gecko) Chrome/94.0.4606.81 Safari/537.36]
6930336d-1f90-4cca-b955-ea146f170ece 200 ::1 POST /imei-check 1025.217 [Fri, 15 Oct 2021 15:32:23 GMT] - [Mozilla/5.0 (Windows NT 10.0; Win64; x64) AppleWebKit/537.36 (KHTML, like Gecko) Chrome/94.0.4606.81 Safari/537.36]
b9966d0b-8661-4d53-8cba-b5cc2cbe2da4 200 ::1 GET /imei-check 20.489 [Fri, 15 Oct 2021 15:33:21 GMT] - [Mozilla/5.0 (Windows NT 10.0; Win64; x64) AppleWebKit/537.36 (KHTML, like Gecko) Chrome/94.0.4606.81 Safari/537.36]
53557575-dacd-409a-a1a5-7f845eed3771 200 ::1 POST /imei-check 1004.745 [Fri, 15 Oct 2021 15:33:32 GMT] - [Mozilla/5.0 (Windows NT 10.0; Win64; x64) AppleWebKit/537.36 (KHTML, like Gecko) Chrome/94.0.4606.81 Safari/537.36]
1ca85d50-20c6-482d-99fb-2e6b552ba78a 200 ::1 GET /imei-check 18.492 [Fri, 15 Oct 2021 15:35:23 GMT] - [Mozilla/5.0 (Windows NT 10.0; Win64; x64) AppleWebKit/537.36 (KHTML, like Gecko) Chrome/94.0.4606.81 Safari/537.36]
449409e9-0008-44a6-9aed-5fc411db7d9c 304 ::1 GET /imei-check 18.961 [Fri, 15 Oct 2021 15:35:45 GMT] - [Mozilla/5.0 (Windows NT 10.0; Win64; x64) AppleWebKit/537.36 (KHTML, like Gecko) Chrome/94.0.4606.81 Safari/537.36]
4ed6b2c7-58ce-4b7e-bb7c-efa327f09ffe - ::1 POST /imei-check - [Fri, 15 Oct 2021 15:35:58 GMT] - [Mozilla/5.0 (Windows NT 10.0; Win64; x64) AppleWebKit/537.36 (KHTML, like Gecko) Chrome/94.0.4606.81 Safari/537.36]
27e90c7d-78c3-4e2d-9584-66a95ebb740d 304 ::1 GET /imei-check 100.280 [Fri, 15 Oct 2021 16:26:38 GMT] - [Mozilla/5.0 (Windows NT 10.0; Win64; x64) AppleWebKit/537.36 (KHTML, like Gecko) Chrome/94.0.4606.81 Safari/537.36]
58d77c49-2cf2-4214-9b77-2c3e4f22a5da 200 ::1 POST /imei-check 4671.825 [Fri, 15 Oct 2021 16:26:54 GMT] - [Mozilla/5.0 (Windows NT 10.0; Win64; x64) AppleWebKit/537.36 (KHTML, like Gecko) Chrome/94.0.4606.81 Safari/537.36]
58f526bd-f174-465d-8348-44acf86314a0 200 ::1 GET /imei-check 79.727 [Fri, 15 Oct 2021 16:30:31 GMT] - [Mozilla/5.0 (Windows NT 10.0; Win64; x64) AppleWebKit/537.36 (KHTML, like Gecko) Chrome/94.0.4606.81 Safari/537.36]
40911ee2-6b93-44d2-b5b5-57814b4c54b6 200 ::1 POST /imei-check 3246.257 [Fri, 15 Oct 2021 16:31:02 GMT] - [Mozilla/5.0 (Windows NT 10.0; Win64; x64) AppleWebKit/537.36 (KHTML, like Gecko) Chrome/94.0.4606.81 Safari/537.36]
8cd54e0e-8953-4166-b7dc-5f55f67b9827 404 ::1 GET /js/bootstrap.bundle.min.js.map 13.773 [Fri, 15 Oct 2021 16:31:50 GMT] - [Mozilla/5.0 (Windows NT 10.0; Win64; x64) AppleWebKit/537.36 (KHTML, like Gecko) Chrome/94.0.4606.81 Safari/537.36]
bf543068-a2a7-4f69-9527-741fbcb9c70c 200 ::1 GET /imei-check 73.046 [Fri, 15 Oct 2021 16:33:06 GMT] - [Mozilla/5.0 (Windows NT 10.0; Win64; x64) AppleWebKit/537.36 (KHTML, like Gecko) Chrome/94.0.4606.81 Safari/537.36]
0923ab46-7b63-4900-81ec-62e21e4ab670 200 ::1 POST /imei-check 2368.130 [Fri, 15 Oct 2021 16:33:18 GMT] - [Mozilla/5.0 (Windows NT 10.0; Win64; x64) AppleWebKit/537.36 (KHTML, like Gecko) Chrome/94.0.4606.81 Safari/537.36]
ceae00f5-7525-4626-be38-9b603e86a641 200 ::1 POST /imei-check 6258.807 [Fri, 15 Oct 2021 16:36:54 GMT] - [Mozilla/5.0 (Windows NT 10.0; Win64; x64) AppleWebKit/537.36 (KHTML, like Gecko) Chrome/94.0.4606.81 Safari/537.36]
30c634cf-52b0-4fd8-b5ca-a05ee540eb0d 200 ::1 GET /call-logs 41.240 [Fri, 15 Oct 2021 16:41:18 GMT] - [Mozilla/5.0 (Windows NT 10.0; Win64; x64) AppleWebKit/537.36 (KHTML, like Gecko) Chrome/94.0.4606.81 Safari/537.36]
2400565d-a22a-43a6-9e5e-2b363a0d6838 200 ::1 GET /call-logs 69.610 [Fri, 15 Oct 2021 16:43:29 GMT] - [Mozilla/5.0 (Windows NT 10.0; Win64; x64) AppleWebKit/537.36 (KHTML, like Gecko) Chrome/94.0.4606.81 Safari/537.36]
58082c82-2745-4c46-8e8a-6b1329495c7b 200 ::1 GET /call-logs 42.226 [Fri, 15 Oct 2021 16:44:27 GMT] - [Mozilla/5.0 (Windows NT 10.0; Win64; x64) AppleWebKit/537.36 (KHTML, like Gecko) Chrome/94.0.4606.81 Safari/537.36]
846b041a-9e33-46c5-8f42-d3e4f1d33f80 200 ::1 GET /call-logs 85.114 [Fri, 15 Oct 2021 16:46:40 GMT] - [Mozilla/5.0 (Windows NT 10.0; Win64; x64) AppleWebKit/537.36 (KHTML, like Gecko) Chrome/94.0.4606.81 Safari/537.36]
28dd1fa7-7e71-4f14-98a1-f766f90d3d9e 200 ::1 GET /call-logs 52.039 [Fri, 15 Oct 2021 16:47:49 GMT] - [Mozilla/5.0 (Windows NT 10.0; Win64; x64) AppleWebKit/537.36 (KHTML, like Gecko) Chrome/94.0.4606.81 Safari/537.36]
8301f549-fc35-4802-83cc-7df1406ce30b 200 ::1 GET /call-logs 43.278 [Fri, 15 Oct 2021 16:49:50 GMT] - [Mozilla/5.0 (Windows NT 10.0; Win64; x64) AppleWebKit/537.36 (KHTML, like Gecko) Chrome/94.0.4606.81 Safari/537.36]
334b0a68-971c-4fdc-b2f5-91693f6fd63a 200 ::ffff:127.0.0.1 GET /call-logs 46.169 [Fri, 15 Oct 2021 16:52:39 GMT] - [Mozilla/5.0 (Windows NT 10.0; Win64; x64) AppleWebKit/537.36 (KHTML, like Gecko) Chrome/94.0.4606.81 Safari/537.36]
610b0353-4cea-49e5-a49f-0a9c48814f37 200 ::1 GET /call-logs 112.135 [Fri, 15 Oct 2021 16:56:17 GMT] - [Mozilla/5.0 (Windows NT 10.0; Win64; x64) AppleWebKit/537.36 (KHTML, like Gecko) Chrome/94.0.4606.81 Safari/537.36]
14153682-13a7-4b84-8b7b-c34e95488023 200 ::1 GET /call-logs 91.282 [Fri, 15 Oct 2021 16:57:09 GMT] - [Mozilla/5.0 (Windows NT 10.0; Win64; x64) AppleWebKit/537.36 (KHTML, like Gecko) Chrome/94.0.4606.81 Safari/537.36]
81cd08f7-73bd-4eda-8576-bb517dc0c101 200 ::1 GET /imei-check 55.729 [Fri, 15 Oct 2021 16:57:33 GMT] - [Mozilla/5.0 (Windows NT 10.0; Win64; x64) AppleWebKit/537.36 (KHTML, like Gecko) Chrome/94.0.4606.81 Safari/537.36]
